[debug] [2022-12-31T14:11:51.345Z] ----------------------------------------------------------------------
[debug] [2022-12-31T14:11:51.347Z] Command:       C:\Program Files\nodejs\node.exe C:\Users\Raul_\AppData\Roaming\npm\node_modules\firebase-tools\lib\bin\firebase.js init
[debug] [2022-12-31T14:11:51.347Z] CLI Version:   11.19.0
[debug] [2022-12-31T14:11:51.348Z] Platform:      win32
[debug] [2022-12-31T14:11:51.348Z] Node Version:  v18.12.1
[debug] [2022-12-31T14:11:51.349Z] Time:          Sat Dec 31 2022 08:11:51 GMT-0600 (hora estándar central)
[debug] [2022-12-31T14:11:51.349Z] ----------------------------------------------------------------------
[debug] 
[debug] [2022-12-31T14:11:51.423Z] > command requires scopes: ["email","openid","https://www.googleapis.com/auth/cloudplatformprojects.readonly","https://www.googleapis.com/auth/firebase","https://www.googleapis.com/auth/cloud-platform"]
[debug] [2022-12-31T14:11:51.424Z] > authorizing via signed-in user (guitarrasmar@gmail.com)
[info] 
     ######## #### ########  ######## ########     ###     ######  ########
     ##        ##  ##     ## ##       ##     ##  ##   ##  ##       ##
     ######    ##  ########  ######   ########  #########  ######  ######
     ##        ##  ##    ##  ##       ##     ## ##     ##       ## ##
     ##       #### ##     ## ######## ########  ##     ##  ######  ########

You're about to initialize a Firebase project in this directory:

  C:\Users\Raul_\Desktop\firegram

Before we get started, keep in mind:

  * You are initializing within an existing Firebase project directory

[info] 
=== Project Setup
[info] 
[info] First, let's associate this project directory with a Firebase project.
[info] You can create multiple project aliases by running firebase use --add, 
[info] but for now we'll just set up a default project.
[info] 
[debug] [2022-12-31T14:12:40.432Z] Using project from CLI flag: marquezfamweb
[debug] [2022-12-31T14:12:40.435Z] >>> [apiv2][query] GET https://firebase.googleapis.com/v1beta1/projects/marquezfamweb [none]
[debug] [2022-12-31T14:12:40.797Z] <<< [apiv2][status] GET https://firebase.googleapis.com/v1beta1/projects/marquezfamweb 200
[debug] [2022-12-31T14:12:40.797Z] <<< [apiv2][body] GET https://firebase.googleapis.com/v1beta1/projects/marquezfamweb {"projectId":"marquezfamweb","projectNumber":"962394302770","displayName":"FamiliaMarquez","name":"projects/marquezfamweb","resources":{"hostingSite":"marquezfamweb","storageBucket":"marquezfamweb.appspot.com","locationId":"us-east1"},"state":"ACTIVE","etag":"1_85aadf1f-1241-4872-80e4-16de3bfbed8d"}
[info] i  Using project marquezfamweb (FamiliaMarquez) 
[info] 
=== Firestore Setup
[debug] [2022-12-31T14:12:40.805Z] >>> [apiv2][query] GET https://serviceusage.googleapis.com/v1/projects/marquezfamweb/services/firestore.googleapis.com [none]
[debug] [2022-12-31T14:12:40.805Z] >>> [apiv2][(partial)header] GET https://serviceusage.googleapis.com/v1/projects/marquezfamweb/services/firestore.googleapis.com x-goog-quota-user=projects/marquezfamweb
[debug] [2022-12-31T14:12:41.228Z] <<< [apiv2][status] GET https://serviceusage.googleapis.com/v1/projects/marquezfamweb/services/firestore.googleapis.com 200
[debug] [2022-12-31T14:12:41.228Z] <<< [apiv2][body] GET https://serviceusage.googleapis.com/v1/projects/marquezfamweb/services/firestore.googleapis.com [omitted]
[debug] [2022-12-31T14:12:41.229Z] >>> [apiv2][query] GET https://appengine.googleapis.com/v1/apps/marquezfamweb [none]
[debug] [2022-12-31T14:12:41.695Z] <<< [apiv2][status] GET https://appengine.googleapis.com/v1/apps/marquezfamweb 200
[debug] [2022-12-31T14:12:41.696Z] <<< [apiv2][body] GET https://appengine.googleapis.com/v1/apps/marquezfamweb {"name":"apps/marquezfamweb","id":"marquezfamweb","authDomain":"gmail.com","locationId":"us-east1","codeBucket":"staging.marquezfamweb.appspot.com","servingStatus":"SERVING","defaultHostname":"marquezfamweb.ue.r.appspot.com","defaultBucket":"marquezfamweb.appspot.com","serviceAccount":"marquezfamweb@appspot.gserviceaccount.com","gcrDomain":"us.gcr.io","databaseType":"CLOUD_FIRESTORE","featureSettings":{"splitHealthChecks":true,"useContainerOptimizedOs":true}}
[debug] [2022-12-31T14:12:41.696Z] database_type: CLOUD_FIRESTORE
[debug] [2022-12-31T14:12:41.697Z] > command requires scopes: ["email","openid","https://www.googleapis.com/auth/cloudplatformprojects.readonly","https://www.googleapis.com/auth/firebase","https://www.googleapis.com/auth/cloud-platform"]
[debug] [2022-12-31T14:12:41.697Z] > authorizing via signed-in user (guitarrasmar@gmail.com)
[debug] [2022-12-31T14:12:41.697Z] [iam] checking project marquezfamweb for permissions ["firebase.projects.get"]
[debug] [2022-12-31T14:12:41.698Z] >>> [apiv2][query] POST https://cloudresourcemanager.googleapis.com/v1/projects/marquezfamweb:testIamPermissions [none]
[debug] [2022-12-31T14:12:41.698Z] >>> [apiv2][(partial)header] POST https://cloudresourcemanager.googleapis.com/v1/projects/marquezfamweb:testIamPermissions x-goog-quota-user=projects/marquezfamweb
[debug] [2022-12-31T14:12:41.698Z] >>> [apiv2][body] POST https://cloudresourcemanager.googleapis.com/v1/projects/marquezfamweb:testIamPermissions {"permissions":["firebase.projects.get"]}
[debug] [2022-12-31T14:12:42.060Z] <<< [apiv2][status] POST https://cloudresourcemanager.googleapis.com/v1/projects/marquezfamweb:testIamPermissions 200
[debug] [2022-12-31T14:12:42.061Z] <<< [apiv2][body] POST https://cloudresourcemanager.googleapis.com/v1/projects/marquezfamweb:testIamPermissions {"permissions":["firebase.projects.get"]}
[info] 
[info] Firestore Security Rules allow you to define how and when to allow
[info] requests. You can keep these rules in your project directory
[info] and publish them with firebase deploy.
[info] 
[debug] [2022-12-31T14:13:01.522Z] >>> [apiv2][query] GET https://firebaserules.googleapis.com/v1/projects/marquezfamweb/releases pageSize=10&pageToken=
[debug] [2022-12-31T14:13:01.879Z] <<< [apiv2][status] GET https://firebaserules.googleapis.com/v1/projects/marquezfamweb/releases 200
[debug] [2022-12-31T14:13:01.879Z] <<< [apiv2][body] GET https://firebaserules.googleapis.com/v1/projects/marquezfamweb/releases {"releases":[{"name":"projects/marquezfamweb/releases/cloud.firestore","rulesetName":"projects/marquezfamweb/rulesets/ae820cff-827a-4236-b07f-64c282ff6020","createTime":"2022-12-12T08:44:02.269170Z","updateTime":"2022-12-12T08:44:02.269170Z"},{"name":"projects/marquezfamweb/releases/firebase.storage/marquezfamweb.appspot.com","rulesetName":"projects/marquezfamweb/rulesets/637a4d98-01b9-4afc-abd5-da2db43cc692","createTime":"2022-12-14T08:20:22.561789Z","updateTime":"2022-12-31T10:03:30.040414Z"}]}
[debug] [2022-12-31T14:13:01.893Z] Found ruleset: projects/marquezfamweb/rulesets/ae820cff-827a-4236-b07f-64c282ff6020
[debug] [2022-12-31T14:13:01.893Z] >>> [apiv2][query] GET https://firebaserules.googleapis.com/v1/projects/marquezfamweb/rulesets/ae820cff-827a-4236-b07f-64c282ff6020 [none]
[debug] [2022-12-31T14:13:02.074Z] <<< [apiv2][status] GET https://firebaserules.googleapis.com/v1/projects/marquezfamweb/rulesets/ae820cff-827a-4236-b07f-64c282ff6020 200
[debug] [2022-12-31T14:13:02.075Z] <<< [apiv2][body] GET https://firebaserules.googleapis.com/v1/projects/marquezfamweb/rulesets/ae820cff-827a-4236-b07f-64c282ff6020 [omitted]
[info] 
[info] Firestore indexes allow you to perform complex queries while
[info] maintaining performance that scales with the size of the result
[info] set. You can keep index definitions in your project directory
[info] and publish them with firebase deploy.
[info] 
[debug] [2022-12-31T14:13:07.171Z] >>> [apiv2][query] GET https://firestore.googleapis.com/v1/projects/marquezfamweb/databases/(default)/collectionGroups/-/indexes [none]
[debug] [2022-12-31T14:13:07.173Z] >>> [apiv2][query] GET https://firestore.googleapis.com/v1/projects/marquezfamweb/databases/(default)/collectionGroups/-/fields?filter=indexConfig.usesAncestorConfig=false OR ttlConfig:* [none]
[debug] [2022-12-31T14:13:07.737Z] <<< [apiv2][status] GET https://firestore.googleapis.com/v1/projects/marquezfamweb/databases/(default)/collectionGroups/-/fields?filter=indexConfig.usesAncestorConfig=false OR ttlConfig:* 200
[debug] [2022-12-31T14:13:07.737Z] <<< [apiv2][body] GET https://firestore.googleapis.com/v1/projects/marquezfamweb/databases/(default)/collectionGroups/-/fields?filter=indexConfig.usesAncestorConfig=false OR ttlConfig:* {"fields":[{"name":"projects/marquezfamweb/databases/(default)/collectionGroups/__default__/fields/*","indexConfig":{"indexes":[{"queryScope":"COLLECTION","fields":[{"fieldPath":"*","order":"ASCENDING"}],"state":"READY"},{"queryScope":"COLLECTION","fields":[{"fieldPath":"*","order":"DESCENDING"}],"state":"READY"},{"queryScope":"COLLECTION","fields":[{"fieldPath":"*","arrayConfig":"CONTAINS"}],"state":"READY"}]}}]}
[debug] [2022-12-31T14:13:07.738Z] <<< [apiv2][status] GET https://firestore.googleapis.com/v1/projects/marquezfamweb/databases/(default)/collectionGroups/-/indexes 200
[debug] [2022-12-31T14:13:07.738Z] <<< [apiv2][body] GET https://firestore.googleapis.com/v1/projects/marquezfamweb/databases/(default)/collectionGroups/-/indexes {}
[info] 
=== Hosting Setup
[info] 
[info] Your public directory is the folder (relative to your project directory) that
[info] will contain Hosting assets to be uploaded with firebase deploy. If you
[info] have a build process for your assets, use your build's output directory.
[info] 
[info] i  Skipping write of public/404.html 
[debug] [2022-12-31T14:13:39.078Z] >>> [apiv2][query] GET https://www.gstatic.com/firebasejs/releases.json [none]
[debug] [2022-12-31T14:13:39.272Z] <<< [apiv2][status] GET https://www.gstatic.com/firebasejs/releases.json 200
[debug] [2022-12-31T14:13:39.272Z] <<< [apiv2][body] GET https://www.gstatic.com/firebasejs/releases.json {"current":{"version":"9.15.0","browserURL":"https://www.gstatic.com/firebasejs/9.15.0/firebase.js","packageURL":"https://www.gstatic.com/firebasejs/9.15.0/firebase.tgz"},"live":{"version":"9.15","browserURL":"https://www.gstatic.com/firebasejs/live/9.15/firebase.js","packageURL":"https://www.gstatic.com/firebasejs/live/9.15/firebase.tgz"},"components":{"analytics":"https://www.gstatic.com/firebasejs/9.15.0/firebase-analytics.js","app":"https://www.gstatic.com/firebasejs/9.15.0/firebase-app.js","app-check":"https://www.gstatic.com/firebasejs/9.15.0/firebase-app-check.js","auth":"https://www.gstatic.com/firebasejs/9.15.0/firebase-auth.js","auth/cordova":"https://www.gstatic.com/firebasejs/9.15.0/firebase-auth/cordova.js","auth/react-native":"https://www.gstatic.com/firebasejs/9.15.0/firebase-auth/react-native.js","functions":"https://www.gstatic.com/firebasejs/9.15.0/firebase-functions.js","firestore":"https://www.gstatic.com/firebasejs/9.15.0/firebase-firestore.js","firestore/lite":"https://www.gstatic.com/firebasejs/9.15.0/firebase-firestore/lite.js","installations":"https://www.gstatic.com/firebasejs/9.15.0/firebase-installations.js","storage":"https://www.gstatic.com/firebasejs/9.15.0/firebase-storage.js","performance":"https://www.gstatic.com/firebasejs/9.15.0/firebase-performance.js","remote-config":"https://www.gstatic.com/firebasejs/9.15.0/firebase-remote-config.js","messaging":"https://www.gstatic.com/firebasejs/9.15.0/firebase-messaging.js","messaging/sw":"https://www.gstatic.com/firebasejs/9.15.0/firebase-messaging/sw.js","database":"https://www.gstatic.com/firebasejs/9.15.0/firebase-database.js","firestore.memory":"https://www.gstatic.com/firebasejs/9.15.0/firebase-firestore.memory.js"}}
[info] i  Skipping write of public/index.html 
[info] 
[info] i  Didn't detect a .git folder. Assuming C:\Users\Raul_\Desktop\firegram is the project root. 
[info] i  Authorizing with GitHub to upload your service account to a GitHub repository's secrets store. 
[info] 
[info] Visit this URL on this device to log in:
[info] https://github.com/login/oauth/authorize?client_id=89cf50f02ac6aaed3484&state=935331690&redirect_uri=http%3A%2F%2Flocalhost%3A9005&scope=read%3Auser%20repo%20public_repo
[info] 
[info] Waiting for authentication...
[debug] [2022-12-31T14:14:28.092Z] >>> [apiv2][query] POST https://github.com/login/oauth/access_token [none]
[debug] [2022-12-31T14:14:28.092Z] >>> [apiv2][body] POST https://github.com/login/oauth/access_token [stream]
[debug] [2022-12-31T14:14:28.388Z] <<< [apiv2][status] POST https://github.com/login/oauth/access_token 200
[debug] [2022-12-31T14:14:28.389Z] <<< [apiv2][body] POST https://github.com/login/oauth/access_token {"access_token":"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","token_type":"bearer","scope":"read:user,repo"}
[debug] [2022-12-31T14:14:28.397Z] >>> [apiv2][query] GET https://api.github.com/user [none]
[debug] [2022-12-31T14:14:28.732Z] <<< [apiv2][status] GET https://api.github.com/user 200
[debug] [2022-12-31T14:14:28.732Z] <<< [apiv2][body] GET https://api.github.com/user {"login":"markezz3","id":39029238,"node_id":"MDQ6VXNlcjM5MDI5MjM4","avatar_url":"https://avatars.githubusercontent.com/u/39029238?v=4","gravatar_id":"","url":"https://api.github.com/users/markezz3","html_url":"https://github.com/markezz3","followers_url":"https://api.github.com/users/markezz3/followers","following_url":"https://api.github.com/users/markezz3/following{/other_user}","gists_url":"https://api.github.com/users/markezz3/gists{/gist_id}","starred_url":"https://api.github.com/users/markezz3/starred{/owner}{/repo}","subscriptions_url":"https://api.github.com/users/markezz3/subscriptions","organizations_url":"https://api.github.com/users/markezz3/orgs","repos_url":"https://api.github.com/users/markezz3/repos","events_url":"https://api.github.com/users/markezz3/events{/privacy}","received_events_url":"https://api.github.com/users/markezz3/received_events","type":"User","site_admin":false,"name":"Raúl Márquez Ariguznaga","company":null,"blog":"","location":"México","email":null,"hireable":null,"bio":null,"twitter_username":null,"public_repos":3,"public_gists":0,"followers":0,"following":0,"created_at":"2018-05-06T14:41:18Z","updated_at":"2022-11-22T11:52:27Z","private_gists":0,"total_private_repos":1,"owned_private_repos":1,"disk_usage":69,"collaborators":0,"two_factor_authentication":false,"plan":{"name":"free","space":976562499,"collaborators":0,"private_repos":10000}}
[info] 
[info] +  Success! Logged into GitHub as markezz3 
[info] 
[debug] [2022-12-31T14:24:42.825Z] >>> [apiv2][query] GET https://api.github.com/repos//actions/secrets/public-key type=owner
[debug] [2022-12-31T14:24:43.057Z] <<< [apiv2][status] GET https://api.github.com/repos//actions/secrets/public-key 404
[debug] [2022-12-31T14:24:43.057Z] <<< [apiv2][body] GET https://api.github.com/repos//actions/secrets/public-key {"message":"Not Found","documentation_url":"https://docs.github.com/rest"}
